<?xml version="1.0" encoding="UTF-8"?>
<!DOCTYPE suite SYSTEM "http://testng.org/testng-1.0.dtd">
<suite name="Hammer SQLDB Test Suite" parallel="tests"
    thread-count="1">
    <test name="conversion test">
        <packages>
            <package name="cn.featherfly.conversion.*" />
        </packages>
    </test>
</suite>